<?xml version="1.0" encoding="UTF-8"?>
<coverage generated="1750207663109" clover="3.2.0">
  <project timestamp="1750207663109" name="All files">
    <metrics statements="30" coveredstatements="29" conditionals="12" coveredconditionals="9" methods="15" coveredmethods="14" elements="57" coveredelements="52" complexity="0" loc="30" ncloc="30" packages="2" files="3" classes="3"/>
    <package name="src">
      <metrics statements="23" coveredstatements="23" conditionals="12" coveredconditionals="9" methods="10" coveredmethods="10"/>
      <file name="calculo.js" path="L:\pontoelinha\ponto-e-linha\pontoelinha\src\calculo.js">
        <metrics statements="14" coveredstatements="14" conditionals="2" coveredconditionals="1" methods="8" coveredmethods="8"/>
        <line num="1" count="2" type="stmt"/>
        <line num="12" count="2" type="stmt"/>
        <line num="17" count="12" type="stmt"/>
        <line num="21" count="2" type="cond" truecount="1" falsecount="1"/>
        <line num="22" count="12" type="stmt"/>
        <line num="26" count="2" type="stmt"/>
        <line num="30" count="2" type="stmt"/>
        <line num="34" count="2" type="stmt"/>
        <line num="38" count="1" type="stmt"/>
        <line num="39" count="1" type="stmt"/>
        <line num="40" count="1" type="stmt"/>
        <line num="41" count="1" type="stmt"/>
        <line num="42" count="1" type="stmt"/>
        <line num="50" count="2" type="stmt"/>
      </file>
      <file name="perfilUtils.js" path="L:\pontoelinha\ponto-e-linha\pontoelinha\src\perfilUtils.js">
        <metrics statements="9" coveredstatements="9" conditionals="10" coveredconditionals="8" methods="2" coveredmethods="2"/>
        <line num="2" count="1" type="stmt"/>
        <line num="3" count="1" type="cond" truecount="1" falsecount="1"/>
        <line num="7" count="2" type="stmt"/>
        <line num="8" count="2" type="stmt"/>
        <line num="10" count="2" type="cond" truecount="3" falsecount="1"/>
        <line num="12" count="2" type="stmt"/>
        <line num="13" count="2" type="cond" truecount="2" falsecount="0"/>
        <line num="15" count="2" type="cond" truecount="2" falsecount="0"/>
        <line num="20" count="1" type="stmt"/>
      </file>
    </package>
    <package name="tests.helpers">
      <metrics statements="7" coveredstatements="6" conditionals="0" coveredconditionals="0" methods="5" coveredmethods="4"/>
      <file name="logger.js" path="L:\pontoelinha\ponto-e-linha\pontoelinha\tests\helpers\logger.js">
        <metrics statements="7" coveredstatements="6" conditionals="0" coveredconditionals="0" methods="5" coveredmethods="4"/>
        <line num="1" count="5" type="stmt"/>
        <line num="3" count="5" type="stmt"/>
        <line num="4" count="10" type="stmt"/>
        <line num="5" count="12" type="stmt"/>
        <line num="6" count="12" type="stmt"/>
        <line num="7" count="11" type="stmt"/>
        <line num="8" count="0" type="stmt"/>
      </file>
    </package>
  </project>
</coverage>
