{"L:\\pontoelinha\\ponto-e-linha\\pontoelinha\\src\\calculo.js": {"path":"L:\\pontoelinha\\ponto-e-linha\\pontoelinha\\src\\calculo.js","statementMap":{"0":{"start":{"line":1,"column":16},"end":{"line":10,"column":3}},"1":{"start":{"line":12,"column":15},"end":{"line":14,"column":1}},"2":{"start":{"line":17,"column":2},"end":{"line":17,"column":93}},"3":{"start":{"line":17,"column":53},"end":{"line":17,"column":88}},"4":{"start":{"line":21,"column":2},"end":{"line":21,"column":28}},"5":{"start":{"line":21,"column":19},"end":{"line":21,"column":28}},"6":{"start":{"line":22,"column":2},"end":{"line":22,"column":101}},"7":{"start":{"line":22,"column":57},"end":{"line":22,"column":96}},"8":{"start":{"line":26,"column":2},"end":{"line":26,"column":18}},"9":{"start":{"line":30,"column":2},"end":{"line":30,"column":47}},"10":{"start":{"line":34,"column":2},"end":{"line":34,"column":47}},"11":{"start":{"line":38,"column":21},"end":{"line":38,"column":45}},"12":{"start":{"line":39,"column":21},"end":{"line":39,"column":41}},"13":{"start":{"line":40,"column":13},"end":{"line":40,"column":50}},"14":{"start":{"line":41,"column":17},"end":{"line":41,"column":40}},"15":{"start":{"line":42,"column":2},"end":{"line":47,"column":4}},"16":{"start":{"line":50,"column":0},"end":{"line":57,"column":2}}},"fnMap":{"0":{"name":"calcularTempoTotal","decl":{"start":{"line":16,"column":9},"end":{"line":16,"column":27}},"loc":{"start":{"line":16,"column":34},"end":{"line":18,"column":1}},"line":16},"1":{"name":"(anonymous_1)","decl":{"start":{"line":17,"column":36},"end":{"line":17,"column":37}},"loc":{"start":{"line":17,"column":53},"end":{"line":17,"column":88}},"line":17},"2":{"name":"calcularCentimetros","decl":{"start":{"line":20,"column":9},"end":{"line":20,"column":28}},"loc":{"start":{"line":20,"column":47},"end":{"line":23,"column":1}},"line":20},"3":{"name":"(anonymous_3)","decl":{"start":{"line":22,"column":40},"end":{"line":22,"column":41}},"loc":{"start":{"line":22,"column":57},"end":{"line":22,"column":96}},"line":22},"4":{"name":"converterParaMetros","decl":{"start":{"line":25,"column":9},"end":{"line":25,"column":28}},"loc":{"start":{"line":25,"column":33},"end":{"line":27,"column":1}},"line":25},"5":{"name":"calcularGramas","decl":{"start":{"line":29,"column":9},"end":{"line":29,"column":23}},"loc":{"start":{"line":29,"column":32},"end":{"line":31,"column":1}},"line":29},"6":{"name":"calcularUso","decl":{"start":{"line":33,"column":9},"end":{"line":33,"column":20}},"loc":{"start":{"line":33,"column":29},"end":{"line":35,"column":1}},"line":33},"7":{"name":"calcular","decl":{"start":{"line":37,"column":9},"end":{"line":37,"column":17}},"loc":{"start":{"line":37,"column":24},"end":{"line":48,"column":1}},"line":37}},"branchMap":{"0":{"loc":{"start":{"line":21,"column":2},"end":{"line":21,"column":28}},"type":"if","locations":[{"start":{"line":21,"column":2},"end":{"line":21,"column":28}},{"start":{},"end":{}}],"line":21}},"s":{"0":2,"1":2,"2":2,"3":12,"4":2,"5":0,"6":2,"7":12,"8":2,"9":2,"10":2,"11":1,"12":1,"13":1,"14":1,"15":1,"16":2},"f":{"0":2,"1":12,"2":2,"3":12,"4":2,"5":2,"6":2,"7":1},"b":{"0":[0,2]},"_coverageSchema":"1a1c01bbd47fc00a2c39e90264f33305004495a9","hash":"f196b67a2043570595e99511660e6b9dc3d20fd2"}
,"L:\\pontoelinha\\ponto-e-linha\\pontoelinha\\src\\perfilUtils.js": {"path":"L:\\pontoelinha\\ponto-e-linha\\pontoelinha\\src\\perfilUtils.js","statementMap":{"0":{"start":{"line":2,"column":13},"end":{"line":2,"column":63}},"1":{"start":{"line":3,"column":2},"end":{"line":3,"column":37}},"2":{"start":{"line":3,"column":10},"end":{"line":3,"column":37}},"3":{"start":{"line":7,"column":19},"end":{"line":7,"column":60}},"4":{"start":{"line":8,"column":16},"end":{"line":8,"column":48}},"5":{"start":{"line":10,"column":2},"end":{"line":10,"column":34}},"6":{"start":{"line":10,"column":27},"end":{"line":10,"column":34}},"7":{"start":{"line":12,"column":17},"end":{"line":12,"column":51}},"8":{"start":{"line":13,"column":2},"end":{"line":13,"column":53}},"9":{"start":{"line":15,"column":2},"end":{"line":17,"column":46}},"10":{"start":{"line":20,"column":0},"end":{"line":20,"column":60}}},"fnMap":{"0":{"name":"mostrarFormularioEditar","decl":{"start":{"line":1,"column":9},"end":{"line":1,"column":32}},"loc":{"start":{"line":1,"column":37},"end":{"line":4,"column":1}},"line":1},"1":{"name":"toggleProjeto","decl":{"start":{"line":6,"column":9},"end":{"line":6,"column":22}},"loc":{"start":{"line":6,"column":37},"end":{"line":18,"column":1}},"line":6}},"branchMap":{"0":{"loc":{"start":{"line":3,"column":2},"end":{"line":3,"column":37}},"type":"if","locations":[{"start":{"line":3,"column":2},"end":{"line":3,"column":37}},{"start":{},"end":{}}],"line":3},"1":{"loc":{"start":{"line":10,"column":2},"end":{"line":10,"column":34}},"type":"if","locations":[{"start":{"line":10,"column":2},"end":{"line":10,"column":34}},{"start":{},"end":{}}],"line":10},"2":{"loc":{"start":{"line":10,"column":6},"end":{"line":10,"column":25}},"type":"binary-expr","locations":[{"start":{"line":10,"column":6},"end":{"line":10,"column":15}},{"start":{"line":10,"column":19},"end":{"line":10,"column":25}}],"line":10},"3":{"loc":{"start":{"line":13,"column":27},"end":{"line":13,"column":52}},"type":"cond-expr","locations":[{"start":{"line":13,"column":36},"end":{"line":13,"column":42}},{"start":{"line":13,"column":45},"end":{"line":13,"column":52}}],"line":13},"4":{"loc":{"start":{"line":15,"column":20},"end":{"line":17,"column":45}},"type":"cond-expr","locations":[{"start":{"line":16,"column":6},"end":{"line":16,"column":183}},{"start":{"line":17,"column":6},"end":{"line":17,"column":45}}],"line":15}},"s":{"0":1,"1":1,"2":1,"3":2,"4":2,"5":2,"6":0,"7":2,"8":2,"9":2,"10":1},"f":{"0":1,"1":2},"b":{"0":[1,0],"1":[0,2],"2":[2,2],"3":[1,1],"4":[1,1]},"_coverageSchema":"1a1c01bbd47fc00a2c39e90264f33305004495a9","hash":"ff6cbe08c66a3de911ed9a5eedcc9615f1680120"}
,"L:\\pontoelinha\\ponto-e-linha\\pontoelinha\\tests\\helpers\\logger.js": {"path":"L:\\pontoelinha\\ponto-e-linha\\pontoelinha\\tests\\helpers\\logger.js","statementMap":{"0":{"start":{"line":1,"column":14},"end":{"line":1,"column":30}},"1":{"start":{"line":3,"column":0},"end":{"line":9,"column":2}},"2":{"start":{"line":4,"column":16},"end":{"line":4,"column":52}},"3":{"start":{"line":5,"column":15},"end":{"line":5,"column":48}},"4":{"start":{"line":6,"column":22},"end":{"line":6,"column":62}},"5":{"start":{"line":7,"column":18},"end":{"line":7,"column":52}},"6":{"start":{"line":8,"column":16},"end":{"line":8,"column":50}}},"fnMap":{"0":{"name":"(anonymous_0)","decl":{"start":{"line":4,"column":9},"end":{"line":4,"column":10}},"loc":{"start":{"line":4,"column":16},"end":{"line":4,"column":52}},"line":4},"1":{"name":"(anonymous_1)","decl":{"start":{"line":5,"column":8},"end":{"line":5,"column":9}},"loc":{"start":{"line":5,"column":15},"end":{"line":5,"column":48}},"line":5},"2":{"name":"(anonymous_2)","decl":{"start":{"line":6,"column":8},"end":{"line":6,"column":9}},"loc":{"start":{"line":6,"column":22},"end":{"line":6,"column":62}},"line":6},"3":{"name":"(anonymous_3)","decl":{"start":{"line":7,"column":11},"end":{"line":7,"column":12}},"loc":{"start":{"line":7,"column":18},"end":{"line":7,"column":52}},"line":7},"4":{"name":"(anonymous_4)","decl":{"start":{"line":8,"column":9},"end":{"line":8,"column":10}},"loc":{"start":{"line":8,"column":16},"end":{"line":8,"column":50}},"line":8}},"branchMap":{},"s":{"0":5,"1":5,"2":10,"3":12,"4":12,"5":11,"6":0},"f":{"0":10,"1":12,"2":12,"3":11,"4":0},"b":{},"_coverageSchema":"1a1c01bbd47fc00a2c39e90264f33305004495a9","hash":"4d716c5ffa97b61d1b3ce82f7fa33a4b69d0a5c9"}
}
