TN:
SF:src\calculo.js
FN:16,calcularTempoTotal
FN:17,(anonymous_1)
FN:20,calcularCentimetros
FN:22,(anonymous_3)
FN:25,converterParaMetros
FN:29,calcularGramas
FN:33,calcularUso
FN:37,calcular
FNF:8
FNH:8
FNDA:2,calcularTempoTotal
FNDA:12,(anonymous_1)
FNDA:2,calcularCentimetros
FNDA:12,(anonymous_3)
FNDA:2,converterParaMetros
FNDA:2,calcularGramas
FNDA:2,calcularUso
FNDA:1,calcular
DA:1,2
DA:12,2
DA:17,12
DA:21,2
DA:22,12
DA:26,2
DA:30,2
DA:34,2
DA:38,1
DA:39,1
DA:40,1
DA:41,1
DA:42,1
DA:50,2
LF:14
LH:14
BRDA:21,0,0,0
BRDA:21,0,1,2
BRF:2
BRH:1
end_of_record
TN:
SF:src\perfilUtils.js
FN:1,mostrarFormularioEditar
FN:6,toggleProjeto
FNF:2
FNH:2
FNDA:1,mostrarFormularioEditar
FNDA:2,toggleProjeto
DA:2,1
DA:3,1
DA:7,2
DA:8,2
DA:10,2
DA:12,2
DA:13,2
DA:15,2
DA:20,1
LF:9
LH:9
BRDA:3,0,0,1
BRDA:3,0,1,0
BRDA:10,1,0,0
BRDA:10,1,1,2
BRDA:10,2,0,2
BRDA:10,2,1,2
BRDA:13,3,0,1
BRDA:13,3,1,1
BRDA:15,4,0,1
BRDA:15,4,1,1
BRF:10
BRH:8
end_of_record
TN:
SF:tests\helpers\logger.js
FN:4,(anonymous_0)
FN:5,(anonymous_1)
FN:6,(anonymous_2)
FN:7,(anonymous_3)
FN:8,(anonymous_4)
FNF:5
FNH:4
FNDA:10,(anonymous_0)
FNDA:12,(anonymous_1)
FNDA:12,(anonymous_2)
FNDA:11,(anonymous_3)
FNDA:0,(anonymous_4)
DA:1,5
DA:3,5
DA:4,10
DA:5,12
DA:6,12
DA:7,11
DA:8,0
LF:7
LH:6
BRF:0
BRH:0
end_of_record
